T43F4 000:000.594   SEGGER J-Link V8.12c Log File
T43F4 000:000.687   DLL Compiled: Jan 22 2025 12:55:59
T43F4 000:000.692   Logging started @ 2025-05-07 14:43
T43F4 000:000.698   Process: C:\Users\a8456\.eclipse\com.renesas.platform_1309835749\DebugComp\RA\e2-server-gdb.exe
T43F4 000:000.707 - 0.703ms 
T43F4 000:000.718 JLINK_GetDLLVersion()
T43F4 000:000.725 - 0.006ms returns 81203
T43F4 000:002.668 JLINK_OpenEx(...)
T43F4 000:010.512   Firmware: J-Link V9 compiled May  7 2021 16:26:12
T43F4 000:011.002   Firmware: J-Link V9 compiled May  7 2021 16:26:12
T43F4 000:011.123   Decompressing FW timestamp took 94 us
T43F4 000:016.500   Hardware: V9.60
T43F4 000:016.557   S/N: 69660718
T43F4 000:016.573   OEM: SEGGER
T43F4 000:016.588   Feature(s): RDI, GDB, FlashDL, FlashBP, JFlash
T43F4 000:017.038   Bootloader: (FW returned invalid version)
T43F4 000:017.646   TELNET listener socket opened on port 19021
T43F4 000:017.770   WEBSRV WEBSRV_Init(): Starting webserver thread(s)
T43F4 000:017.906   WEBSRV Webserver running on local port 19080
T43F4 000:018.007   Looking for J-Link GUI Server exe at: C:\Users\a8456\.eclipse\com.renesas.platform_1309835749\DebugComp\RA\ARM\Segger_v8.12.3\JLinkGUIServer.exe
T43F4 000:018.083   Looking for J-Link GUI Server exe at: C:\Program Files\SEGGER\JLink_V818\JLinkGUIServer.exe
T43F4 000:018.107   Forking J-Link GUI Server: C:\Program Files\SEGGER\JLink_V818\JLinkGUIServer.exe
T43F4 000:047.802   J-Link GUI Server info: "J-Link GUI server V8.18 "
T43F4 000:053.955 - 51.276ms returns "O.K."
T43F4 000:054.139 JLINK_ExecCommand("ProjectFile=C:\Users\a8456\e2_studio\workspace_5.8\RA4M2_VL53L8CX_Project1/RA4M2_VL53L8CX_Project1 Debug_Flat.jlink", ...). 
T43F4 000:069.815 - 15.681ms returns 0x00
T43F4 000:070.051 JLINK_ExecCommand("device=R7FA4M2AD", ...). 
T43F4 000:070.870   Flash bank @ 0x0100A100: SFL: Parsing sectorization info from ELF file
T43F4 000:070.927     FlashDevice.SectorInfo[0]: .SectorSize = 0x00000010, .SectorStartAddr = 0x00000000
T43F4 000:070.968   FlashBank @0x0100A100: Sectorization info from SFL ELF file ignored because sectorization override from DLL / XML file is active.
T43F4 000:071.298   Flash bank @ 0x60000000: SFL: Parsing sectorization info from ELF file
T43F4 000:071.318     FlashDevice.SectorInfo[0]: .SectorSize = 0x00010000, .SectorStartAddr = 0x00000000
T43F4 000:074.942   Device "R7FA4M2AD" selected.
T43F4 000:075.414 - 5.350ms returns 0x00
T43F4 000:075.437 JLINK_TIF_GetAvailable(...)
T43F4 000:075.587 - 0.149ms 
T43F4 000:075.615 JLINK_TIF_Select(JLINKARM_TIF_SWD)
T43F4 000:076.082 - 0.466ms returns 0x00
T43F4 000:076.101 JLINK_SetSpeed(4000)
T43F4 000:076.166 - 0.066ms 
T43F4 000:076.200 JLINK_ReadMem(0xE000EDF0, 0x4 Bytes, ...)
T43F4 000:076.335   ConfigTargetSettings() start
T43F4 000:076.344    J-Link Script File: Executing ConfigTargetSettings()
T43F4 000:076.353   Configuring FlashDLNoRMWThreshold=0x200 in order to make sure that option bytes programming is done via read-modify-write
T43F4 000:081.741   ConfigTargetSettings() end - Took 5.39ms
T43F4 000:081.755   InitTarget() start
T43F4 000:081.763    J-Link Script File: Executing InitTarget()
T43F4 000:081.770   SWD selected. Executing JTAG -> SWD switching sequence.
T43F4 000:083.101   DAP initialized successfully.
T43F4 000:083.117   Determining TrustZone configuration...
T43F4 000:083.860     Secure Debug: Enabled (SSD)
T43F4 000:083.873   Determining currently configured transfer type by reading the AHB-AP CSW register.
T43F4 000:084.496     --> Correct transfer type configured. Done.
T43F4 000:084.508   InitTarget() end - Took 2.74ms
T43F4 000:084.971   Found SW-DP with ID 0x6BA02477
T43F4 000:086.740   DPIDR: 0x6BA02477
T43F4 000:086.752   CoreSight SoC-400 or earlier
T43F4 000:086.761   Scanning AP map to find all available APs
T43F4 000:087.459   AP[2]: Stopped AP scan as end of AP map has been reached
T43F4 000:087.492   AP[0]: AHB-AP (IDR: 0x84770001, ADDR: 0x00000000)
T43F4 000:087.509   AP[1]: APB-AP (IDR: 0x54770002, ADDR: 0x01000000)
T43F4 000:087.525   Iterating through AP map to find AHB-AP to use
T43F4 000:088.353   AP[0]: Core found
T43F4 000:088.383   AP[0]: AHB-AP ROM base: 0xE00FE000
T43F4 000:088.782   CPUID register: 0x410FD214. Implementer code: 0x41 (ARM)
T43F4 000:088.812   Feature set: Mainline
T43F4 000:089.205   Cache: No cache
T43F4 000:089.238   Found Cortex-M33 r0p4, Little endian.
T43F4 000:089.578   -- Max. mem block: 0x00010A88
T43F4 000:090.075   
  ***** Warning: 
T43F4 000:090.090   Cortex-M (ARMv8-M and later): The connected J-Link (S/N 69660718) uses an old firmware module that does not handle I/D-cache correctly. Proper debugging functionality cannot be guaranteed if cache is enabled
T43F4 000:090.106   CPU_ReadMem(4 bytes @ 0xE000EDF0)
T43F4 000:090.346   CPU_WriteMem(4 bytes @ 0xE000EDF0)
T43F4 000:090.670   CPU_ReadMem(4 bytes @ 0xE0002000)
T43F4 000:090.898   FPUnit: 8 code (BP) slots and 0 literal slots
T43F4 000:090.912   CPU_ReadMem(4 bytes @ 0xE000EDFC)
T43F4 000:091.168   CPU_WriteMem(4 bytes @ 0xE000EDFC)
T43F4 000:091.506   CPU_ReadMem(4 bytes @ 0xE0001000)
T43F4 000:091.738   CPU_ReadMem(4 bytes @ 0xE0001000)
T43F4 000:092.003   CPU_ReadMem(4 bytes @ 0xE0001028)
T43F4 000:092.249   CPU_ReadMem(4 bytes @ 0xE0001038)
T43F4 000:092.502   CPU_ReadMem(4 bytes @ 0xE0001048)
T43F4 000:092.774   CPU_ReadMem(4 bytes @ 0xE0001058)
T43F4 000:092.996   CPU_WriteMem(4 bytes @ 0xE0001000)
T43F4 000:093.256   CPU_ReadMem(4 bytes @ 0xE000ED88)
T43F4 000:093.507   CPU_WriteMem(4 bytes @ 0xE000ED88)
T43F4 000:093.757   CPU_ReadMem(4 bytes @ 0xE000ED88)
T43F4 000:094.026   CPU_WriteMem(4 bytes @ 0xE000ED88)
T43F4 000:094.287   CPU_ReadMem(4 bytes @ 0xE000EFB8)
T43F4 000:094.501   Security extension: implemented
T43F4 000:094.532   Secure debug: enabled
T43F4 000:094.547   CoreSight components:
T43F4 000:094.564   ROMTbl[0] @ E00FE000
T43F4 000:094.580   CPU_ReadMem(64 bytes @ 0xE00FE000)
T43F4 000:095.127   CPU_ReadMem(32 bytes @ 0xE0044FE0)
T43F4 000:095.531   CPU_ReadMem(4 bytes @ 0xE0044FBC)
T43F4 000:095.782   CPU_ReadMem(4 bytes @ 0xE0044FCC)
T43F4 000:096.089   [0][0]: E0044000 CID B105900D PID 005BB906 DEVARCH 00000000 DEVTYPE 14 CTI (?)
T43F4 000:096.118   CPU_ReadMem(32 bytes @ 0xE0047FE0)
T43F4 000:096.505   CPU_ReadMem(4 bytes @ 0xE0047FBC)
T43F4 000:096.779   CPU_ReadMem(4 bytes @ 0xE0047FCC)
T43F4 000:097.001   [0][1]: E0047000 CID B105900D PID 003BB908 DEVARCH 00000000 DEVTYPE 12 CSTF
T43F4 000:097.012   CPU_ReadMem(32 bytes @ 0xE0048FE0)
T43F4 000:097.401   CPU_ReadMem(4 bytes @ 0xE0048FBC)
T43F4 000:097.625   CPU_ReadMem(4 bytes @ 0xE0048FCC)
T43F4 000:097.905   [0][2]: E0048000 CID B105900D PID 001BB961 DEVARCH 00000000 DEVTYPE 21 TMC
T43F4 000:097.936   CPU_ReadMem(32 bytes @ 0xE0049FE0)
T43F4 000:098.317   [0][3]: E0049000 CID B105F00D PID 001BB101 TSG
T43F4 000:098.332   CPU_ReadMem(32 bytes @ 0xE0040FE0)
T43F4 000:098.747   CPU_ReadMem(4 bytes @ 0xE0040FBC)
T43F4 000:099.007   CPU_ReadMem(4 bytes @ 0xE0040FCC)
T43F4 000:099.276   [0][4]: E0040000 CID B105900D PID 000BBD21 DEVARCH 00000000 DEVTYPE 11 TPIU
T43F4 000:099.295   CPU_ReadMem(32 bytes @ 0xE00FFFE0)
T43F4 000:099.670   [0][5]: E00FF000 CID B105100D PID 000BB4C9 ROM Table
T43F4 000:099.683   ROMTbl[1] @ E00FF000
T43F4 000:099.711   CPU_ReadMem(64 bytes @ 0xE00FF000)
T43F4 000:100.283   CPU_ReadMem(32 bytes @ 0xE000EFE0)
T43F4 000:100.668   CPU_ReadMem(4 bytes @ 0xE000EFBC)
T43F4 000:100.883   CPU_ReadMem(4 bytes @ 0xE000EFCC)
T43F4 000:101.106   [1][0]: E000E000 CID B105900D PID 000BBD21 DEVARCH 47702A04 DEVTYPE 00 Cortex-M33
T43F4 000:101.116   CPU_ReadMem(32 bytes @ 0xE0001FE0)
T43F4 000:101.501   CPU_ReadMem(4 bytes @ 0xE0001FBC)
T43F4 000:101.729   CPU_ReadMem(4 bytes @ 0xE0001FCC)
T43F4 000:101.949   [1][1]: E0001000 CID B105900D PID 000BBD21 DEVARCH 47701A02 DEVTYPE 00 DWT
T43F4 000:101.962   CPU_ReadMem(32 bytes @ 0xE0002FE0)
T43F4 000:102.317   CPU_ReadMem(4 bytes @ 0xE0002FBC)
T43F4 000:102.546   CPU_ReadMem(4 bytes @ 0xE0002FCC)
T43F4 000:102.784   [1][2]: E0002000 CID B105900D PID 000BBD21 DEVARCH 47701A03 DEVTYPE 00 FPB
T43F4 000:102.805   CPU_ReadMem(32 bytes @ 0xE0000FE0)
T43F4 000:103.176   CPU_ReadMem(4 bytes @ 0xE0000FBC)
T43F4 000:103.378   CPU_ReadMem(4 bytes @ 0xE0000FCC)
T43F4 000:103.627   [1][3]: E0000000 CID B105900D PID 000BBD21 DEVARCH 47701A01 DEVTYPE 43 ITM
T43F4 000:103.638   CPU_ReadMem(32 bytes @ 0xE0041FE0)
T43F4 000:104.000   CPU_ReadMem(4 bytes @ 0xE0041FBC)
T43F4 000:104.250   CPU_ReadMem(4 bytes @ 0xE0041FCC)
T43F4 000:104.493   [1][5]: E0041000 CID B105900D PID 002BBD21 DEVARCH 47724A13 DEVTYPE 13 ETM
T43F4 000:104.545   CPU_ReadMem(32 bytes @ 0xE0042FE0)
T43F4 000:104.928   CPU_ReadMem(4 bytes @ 0xE0042FBC)
T43F4 000:105.226   CPU_ReadMem(4 bytes @ 0xE0042FCC)
T43F4 000:105.507   [1][6]: E0042000 CID B105900D PID 000BBD21 DEVARCH 47701A14 DEVTYPE 14 CSS600-CTI
T43F4 000:105.597   CPU_ReadMem(4 bytes @ 0xE000EDF0)
T43F4 000:105.888   Data:  01 00 18 00
T43F4 000:105.928   Debug reg: DHCSR
T43F4 000:105.945 - 29.744ms returns 0
T43F4 000:105.982 JLINK_ReadMem(0x400E002C, 0x4 Bytes, ...)
T43F4 000:106.001   CPU_ReadMem(4 bytes @ 0x400E002C)
T43F4 000:106.282   Data:  02 00 00 00
T43F4 000:106.299 - 0.318ms returns 0
T43F4 000:106.336 JLINK_ReadMem(0xE000EDF0, 0x4 Bytes, ...)
T43F4 000:106.346   CPU_ReadMem(4 bytes @ 0xE000EDF0)
T43F4 000:106.633   Data:  01 00 18 00
T43F4 000:106.646   Debug reg: DHCSR
T43F4 000:106.654 - 0.318ms returns 0
T43F4 000:106.678 JLINK_ReadMem(0xE000EDF0, 0x4 Bytes, ...)
T43F4 000:106.686   CPU_ReadMem(4 bytes @ 0xE000EDF0)
T43F4 000:106.898   Data:  01 00 18 00
T43F4 000:106.909   Debug reg: DHCSR
T43F4 000:106.917 - 0.238ms returns 0
T43F4 000:106.925 JLINK_ReadMem(0x400E001C, 0x4 Bytes, ...)
T43F4 000:106.933   CPU_ReadMem(4 bytes @ 0x400E001C)
T43F4 000:107.152   Data:  00 FC FF 00
T43F4 000:107.175 - 0.249ms returns 0
T43F4 000:107.185 JLINK_ReadMem(0xE000EDF0, 0x4 Bytes, ...)
T43F4 000:107.192   CPU_ReadMem(4 bytes @ 0xE000EDF0)
T43F4 000:107.450   Data:  01 00 18 00
T43F4 000:107.462   Debug reg: DHCSR
T43F4 000:107.471 - 0.285ms returns 0
T43F4 000:107.480 JLINK_ReadMem(0x400E0018, 0x4 Bytes, ...)
T43F4 000:107.490   CPU_ReadMem(4 bytes @ 0x400E0018)
T43F4 000:107.720   Data:  00 80 FF 00
T43F4 000:107.736 - 0.255ms returns 0
T43F4 000:107.748 JLINK_ReadMem(0xE000EDF0, 0x4 Bytes, ...)
T43F4 000:107.757   CPU_ReadMem(4 bytes @ 0xE000EDF0)
T43F4 000:107.982   Data:  01 00 18 00
T43F4 000:107.996   Debug reg: DHCSR
T43F4 000:108.007 - 0.258ms returns 0
T43F4 000:108.015 JLINK_ReadMem(0x400E0020, 0x4 Bytes, ...)
T43F4 000:108.063   CPU_ReadMem(4 bytes @ 0x400E0020)
T43F4 000:108.346   Data:  00 FC 00 00
T43F4 000:108.372 - 0.356ms returns 0
T43F4 000:108.392 JLINK_ReadMem(0xE000EDF0, 0x4 Bytes, ...)
T43F4 000:108.407   CPU_ReadMem(4 bytes @ 0xE000EDF0)
T43F4 000:108.676   Data:  01 00 18 00
T43F4 000:108.698   Debug reg: DHCSR
T43F4 000:108.707 - 0.315ms returns 0
T43F4 000:108.716 JLINK_ReadMem(0x400E0028, 0x4 Bytes, ...)
T43F4 000:108.726   CPU_ReadMem(4 bytes @ 0x400E0028)
T43F4 000:108.944   Data:  00 FC 1F 00
T43F4 000:108.960 - 0.243ms returns 0
T43F4 000:108.972 JLINK_ReadMem(0xE000EDF0, 0x4 Bytes, ...)
T43F4 000:108.981   CPU_ReadMem(4 bytes @ 0xE000EDF0)
T43F4 000:109.254   Data:  01 00 18 00
T43F4 000:109.268   Debug reg: DHCSR
T43F4 000:109.276 - 0.304ms returns 0
T43F4 000:109.285 JLINK_ReadMem(0x400E0024, 0x4 Bytes, ...)
T43F4 000:109.294   CPU_ReadMem(4 bytes @ 0x400E0024)
T43F4 000:109.546   Data:  00 E0 1F 00
T43F4 000:109.559 - 0.273ms returns 0
T43F4 000:109.570 JLINK_ReadMem(0xE000EDF0, 0x4 Bytes, ...)
T43F4 000:109.578   CPU_ReadMem(4 bytes @ 0xE000EDF0)
T43F4 000:109.837   Data:  01 00 18 00
T43F4 000:109.865   Debug reg: DHCSR
T43F4 000:109.881 - 0.310ms returns 0
T43F4 000:109.896 JLINK_ReadMem(0x400E002C, 0x4 Bytes, ...)
T43F4 000:109.913   CPU_ReadMem(4 bytes @ 0x400E002C)
T43F4 000:110.197   Data:  02 00 00 00
T43F4 000:110.223 - 0.326ms returns 0
T43F4 000:110.242 JLINK_ReadMem(0xE000EDF0, 0x4 Bytes, ...)
T43F4 000:110.266   CPU_ReadMem(4 bytes @ 0xE000EDF0)
T43F4 000:110.553   Data:  01 00 18 00
T43F4 000:110.578   Debug reg: DHCSR
T43F4 000:110.595 - 0.353ms returns 0
T43F4 000:110.611 JLINK_ReadMem(0x400E002C, 0x4 Bytes, ...)
T43F4 000:110.629   CPU_ReadMem(4 bytes @ 0x400E002C)
T43F4 000:110.907   Data:  02 00 00 00
T43F4 000:110.921 - 0.310ms returns 0
T43F4 000:113.130 JLINK_Close()
T43F4 000:127.980 - 14.847ms
T43F4 000:128.025   
T43F4 000:128.032   Closed
